<html>
<head>
<title>TestNG:  PDP</title>
<link href="../testng.css" rel="stylesheet" type="text/css" />
<link href="../my-testng.css" rel="stylesheet" type="text/css" />

<style type="text/css">
.log { display: none;} 
.stack-trace { display: none;} 
</style>
<script type="text/javascript">
<!--
function flip(e) {
  current = e.style.display;
  if (current == 'block') {
    e.style.display = 'none';
    return 0;
  }
  else {
    e.style.display = 'block';
    return 1;
  }
}

function toggleBox(szDivId, elem, msg1, msg2)
{
  var res = -1;  if (document.getElementById) {
    res = flip(document.getElementById(szDivId));
  }
  else if (document.all) {
    // this is the way old msie versions work
    res = flip(document.all[szDivId]);
  }
  if(elem) {
    if(res == 0) elem.innerHTML = msg1; else elem.innerHTML = msg2;
  }

}

function toggleAllBoxes() {
  if (document.getElementsByTagName) {
    d = document.getElementsByTagName('div');
    for (i = 0; i < d.length; i++) {
      if (d[i].className == 'log') {
        flip(d[i]);
      }
    }
  }
}

// -->
</script>

</head>
<body>
<h2 align='center'>PDP</h2><table border='1' align="center">
<tr>
<td>Tests passed/Failed/Skipped:</td><td>9/1/0</td>
</tr><tr>
<td>Started on:</td><td>Thu Mar 31 11:25:29 IST 2022</td>
</tr>
<tr><td>Total time:</td><td>124 seconds (124746 ms)</td>
</tr><tr>
<td>Included groups:</td><td></td>
</tr><tr>
<td>Excluded groups:</td><td></td>
</tr>
</table><p/>
<small><i>(Hover the method name to see the test class name)</i></small><p/>
<table width='100%' border='1' class='invocation-failed'>
<tr><td colspan='4' align='center'><b>FAILED TESTS</b></td></tr>
<tr><td><b>Test method</b></td>
<td width="30%"><b>Exception</b></td>
<td width="10%"><b>Time (seconds)</b></td>
<td><b>Instance</b></td>
</tr>
<tr>
<td title='com.boddess.testscript.PDP.Pincode_Validation_correct()'><b>Pincode_Validation_correct</b><br>Test class: com.boddess.testscript.PDP<br>Test method: PDP Page>> Test Case No. 10>> Pincode validation check by correct pincode</td>
<td><div><pre>org.openqa.selenium.TimeoutException: Expected condition failed: waiting for visibility of element located by By.xpath: //*[@id=&quot;pincode-search-form&quot;]/fieldset/div/div[2]/div/span/div/span	 (tried for 120 second(s) with 500 milliseconds interval)
	at org.openqa.selenium.support.ui.WebDriverWait.timeoutException(WebDriverWait.java:81)
	at org.openqa.selenium.support.ui.FluentWait.until(FluentWait.java:271)
	at com.boddess.utilities.Setup.wait(Setup.java:56)
	at com.boddess.testscript.PDP.Pincode_Validation_correct(PDP.java:274)
Caused by: org.openqa.selenium.NoSuchElementException: Cannot locate an element using By.xpath: //*[@id=&quot;pincode-search-form&quot;]/fieldset/div/div[2]/div/span/div/span	
For documentation on this error, please visit: http://seleniumhq.org/exceptions/no_such_element.html
Build info: version: &apos;3.13.0&apos;, revision: &apos;2f0d292&apos;, time: &apos;2018-06-25T15:24:21.231Z&apos;
System info: host: &apos;AYUSH-HOB&apos;, ip: &apos;172.17.42.72&apos;, os.name: &apos;Windows 10&apos;, os.arch: &apos;amd64&apos;, os.version: &apos;10.0&apos;, java.version: &apos;16.0.2&apos;
Driver info: driver.version: unknown
	at org.openqa.selenium.support.ui.ExpectedConditions.lambda$findElement$0(ExpectedConditions.java:896)
	at java.base/java.util.Optional.orElseThrow(Optional.java:403)
	at org.openqa.selenium.support.ui.ExpectedConditions.findElement(ExpectedConditions.java:895)
	at org.openqa.selenium.support.ui.ExpectedConditions.access$000(ExpectedConditions.java:44)
	at org.openqa.selenium.support.ui.ExpectedConditions$7.apply(ExpectedConditions.java:206)
	at org.openqa.selenium.support.ui.ExpectedConditions$7.apply(ExpectedConditions.java:202)
	at org.openqa.selenium.support.ui.FluentWait.until(FluentWait.java:248)
	... 26 more
... Removed 24 stack frames</pre></div><a href='#' onClick='toggleBox("stack-trace710867897", this, "Click to show all stack frames", "Click to hide stack frames")'>Click to show all stack frames</a>
<div class='stack-trace' id='stack-trace710867897'><pre>org.openqa.selenium.TimeoutException: Expected condition failed: waiting for visibility of element located by By.xpath: //*[@id=&quot;pincode-search-form&quot;]/fieldset/div/div[2]/div/span/div/span	 (tried for 120 second(s) with 500 milliseconds interval)
	at org.openqa.selenium.support.ui.WebDriverWait.timeoutException(WebDriverWait.java:81)
	at org.openqa.selenium.support.ui.FluentWait.until(FluentWait.java:271)
	at com.boddess.utilities.Setup.wait(Setup.java:56)
	at com.boddess.testscript.PDP.Pincode_Validation_correct(PDP.java:274)
	at java.base/jdk.internal.reflect.NativeMethodAccessorImpl.invoke0(Native Method)
	at java.base/jdk.internal.reflect.NativeMethodAccessorImpl.invoke(NativeMethodAccessorImpl.java:78)
	at java.base/jdk.internal.reflect.DelegatingMethodAccessorImpl.invoke(DelegatingMethodAccessorImpl.java:43)
	at java.base/java.lang.reflect.Method.invoke(Method.java:567)
	at org.testng.internal.MethodInvocationHelper.invokeMethod(MethodInvocationHelper.java:80)
	at org.testng.internal.Invoker.invokeMethod(Invoker.java:714)
	at org.testng.internal.Invoker.invokeTestMethod(Invoker.java:901)
	at org.testng.internal.Invoker.invokeTestMethods(Invoker.java:1231)
	at org.testng.internal.TestMethodWorker.invokeTestMethods(TestMethodWorker.java:127)
	at org.testng.internal.TestMethodWorker.run(TestMethodWorker.java:111)
	at org.testng.TestRunner.privateRun(TestRunner.java:767)
	at org.testng.TestRunner.run(TestRunner.java:617)
	at org.testng.SuiteRunner.runTest(SuiteRunner.java:334)
	at org.testng.SuiteRunner.runSequentially(SuiteRunner.java:329)
	at org.testng.SuiteRunner.privateRun(SuiteRunner.java:291)
	at org.testng.SuiteRunner.run(SuiteRunner.java:240)
	at org.testng.SuiteRunnerWorker.runSuite(SuiteRunnerWorker.java:52)
	at org.testng.SuiteRunnerWorker.run(SuiteRunnerWorker.java:86)
	at org.testng.TestNG.runSuitesSequentially(TestNG.java:1198)
	at org.testng.TestNG.runSuitesLocally(TestNG.java:1123)
	at org.testng.TestNG.run(TestNG.java:1031)
	at org.testng.remote.AbstractRemoteTestNG.run(AbstractRemoteTestNG.java:115)
	at org.testng.remote.RemoteTestNG.initAndRun(RemoteTestNG.java:251)
	at org.testng.remote.RemoteTestNG.main(RemoteTestNG.java:77)
Caused by: org.openqa.selenium.NoSuchElementException: Cannot locate an element using By.xpath: //*[@id=&quot;pincode-search-form&quot;]/fieldset/div/div[2]/div/span/div/span	
For documentation on this error, please visit: http://seleniumhq.org/exceptions/no_such_element.html
Build info: version: &apos;3.13.0&apos;, revision: &apos;2f0d292&apos;, time: &apos;2018-06-25T15:24:21.231Z&apos;
System info: host: &apos;AYUSH-HOB&apos;, ip: &apos;172.17.42.72&apos;, os.name: &apos;Windows 10&apos;, os.arch: &apos;amd64&apos;, os.version: &apos;10.0&apos;, java.version: &apos;16.0.2&apos;
Driver info: driver.version: unknown
	at org.openqa.selenium.support.ui.ExpectedConditions.lambda$findElement$0(ExpectedConditions.java:896)
	at java.base/java.util.Optional.orElseThrow(Optional.java:403)
	at org.openqa.selenium.support.ui.ExpectedConditions.findElement(ExpectedConditions.java:895)
	at org.openqa.selenium.support.ui.ExpectedConditions.access$000(ExpectedConditions.java:44)
	at org.openqa.selenium.support.ui.ExpectedConditions$7.apply(ExpectedConditions.java:206)
	at org.openqa.selenium.support.ui.ExpectedConditions$7.apply(ExpectedConditions.java:202)
	at org.openqa.selenium.support.ui.FluentWait.until(FluentWait.java:248)
	... 26 more
</pre></div></td>
<td>120</td>
<td>com.boddess.testscript.PDP@6ff29830</td></tr>
</table><p>
<table width='100%' border='1' class='invocation-passed'>
<tr><td colspan='4' align='center'><b>PASSED TESTS</b></td></tr>
<tr><td><b>Test method</b></td>
<td width="30%"><b>Exception</b></td>
<td width="10%"><b>Time (seconds)</b></td>
<td><b>Instance</b></td>
</tr>
<tr>
<td title='com.boddess.testscript.PDP.Pincode_Validation()'><b>Pincode_Validation</b><br>Test class: com.boddess.testscript.PDP<br>Test method: PDP Page>> Test Case No. 7>> Pincode validation</td>
<td></td>
<td>0</td>
<td>com.boddess.testscript.PDP@6ff29830</td></tr>
<tr>
<td title='com.boddess.testscript.PDP.ProductDetailSection()'><b>ProductDetailSection</b><br>Test class: com.boddess.testscript.PDP<br>Test method: PDP Page>> Test Case No. 8>> Verify Product Detail Section</td>
<td></td>
<td>0</td>
<td>com.boddess.testscript.PDP@6ff29830</td></tr>
<tr>
<td title='com.boddess.testscript.PDP.Product_Image()'><b>Product_Image</b><br>Test class: com.boddess.testscript.PDP<br>Test method: PDP Page>> Test Case No.6>> Verify Product image displayed</td>
<td></td>
<td>0</td>
<td>com.boddess.testscript.PDP@6ff29830</td></tr>
<tr>
<td title='com.boddess.testscript.PDP.breadcrumbs_pdp()'><b>breadcrumbs_pdp</b><br>Test class: com.boddess.testscript.PDP<br>Test method: PDP>>Test No.9 Verifying Breadcrumbs</td>
<td></td>
<td>0</td>
<td>com.boddess.testscript.PDP@6ff29830</td></tr>
<tr>
<td title='com.boddess.testscript.PDP.prd_name()'><b>prd_name</b><br>Test class: com.boddess.testscript.PDP<br>Test method: PDP>>Test No.1 Verifying item name displayed on PDP Page</td>
<td></td>
<td>3</td>
<td>com.boddess.testscript.PDP@6ff29830</td></tr>
<tr>
<td title='com.boddess.testscript.PDP.prices_pdp()'><b>prices_pdp</b><br>Test class: com.boddess.testscript.PDP<br>Test method: PDP>>Test No.4 Verifying Prices on PDP</td>
<td></td>
<td>0</td>
<td>com.boddess.testscript.PDP@6ff29830</td></tr>
<tr>
<td title='com.boddess.testscript.PDP.qty_addtoCart()'><b>qty_addtoCart</b><br>Test class: com.boddess.testscript.PDP<br>Test method: PDP>>Test No.2 Verifying Quantity and Add to cart</td>
<td></td>
<td>0</td>
<td>com.boddess.testscript.PDP@6ff29830</td></tr>
<tr>
<td title='com.boddess.testscript.PDP.social()'><b>social</b><br>Test class: com.boddess.testscript.PDP<br>Test method: PDP>>Test No.3 Verifying Social Media icon displayed on PDP Page</td>
<td></td>
<td>0</td>
<td>com.boddess.testscript.PDP@6ff29830</td></tr>
<tr>
<td title='com.boddess.testscript.PDP.wish()'><b>wish</b><br>Test class: com.boddess.testscript.PDP<br>Test method: PDP>>Test No.5>> Verify add to Wishlist is displayed</td>
<td></td>
<td>0</td>
<td>com.boddess.testscript.PDP@6ff29830</td></tr>
</table><p>
</body>
</html>