<?xml version="1.0" encoding="UTF-8"?>
<!-- Generated by org.testng.reporters.JUnitXMLReporter -->
<testsuite hostname="AYUSH-HOB" failures="1" tests="10" name="PDP" time="124.746" errors="0" timestamp="31 Mar 2022 05:57:34 GMT">
  <testcase classname="com.boddess.testscript.PDP" name="prd_name" time="3.791"/>
  <testcase classname="com.boddess.testscript.PDP" name="qty_addtoCart" time="0.134"/>
  <testcase classname="com.boddess.testscript.PDP" name="social" time="0.116"/>
  <testcase classname="com.boddess.testscript.PDP" name="prices_pdp" time="0.029"/>
  <testcase classname="com.boddess.testscript.PDP" name="wish" time="0.063"/>
  <testcase classname="com.boddess.testscript.PDP" name="Product_Image" time="0.067"/>
  <testcase classname="com.boddess.testscript.PDP" name="Pincode_Validation" time="0.173"/>
  <testcase classname="com.boddess.testscript.PDP" name="ProductDetailSection" time="0.175"/>
  <testcase classname="com.boddess.testscript.PDP" name="breadcrumbs_pdp" time="0.064"/>
  <testcase classname="com.boddess.testscript.PDP" name="Pincode_Validation_correct" time="120.121">
    <failure type="org.openqa.selenium.TimeoutException" message="Expected condition failed: waiting for visibility of element located by By.xpath: //*[@id=&amp;quot;pincode-search-form&amp;quot;]/fieldset/div/div[2]/div/span/div/span	 (tried for 120 second(s) with 500 milliseconds interval)">
      <![CDATA[org.openqa.selenium.TimeoutException: Expected condition failed: waiting for visibility of element located by By.xpath: //*[@id="pincode-search-form"]/fieldset/div/div[2]/div/span/div/span	 (tried for 120 second(s) with 500 milliseconds interval)
	at org.openqa.selenium.support.ui.WebDriverWait.timeoutException(WebDriverWait.java:81)
	at org.openqa.selenium.support.ui.FluentWait.until(FluentWait.java:271)
	at com.boddess.utilities.Setup.wait(Setup.java:56)
	at com.boddess.testscript.PDP.Pincode_Validation_correct(PDP.java:274)
Caused by: org.openqa.selenium.NoSuchElementException: Cannot locate an element using By.xpath: //*[@id="pincode-search-form"]/fieldset/div/div[2]/div/span/div/span	
For documentation on this error, please visit: http://seleniumhq.org/exceptions/no_such_element.html
Build info: version: '3.13.0', revision: '2f0d292', time: '2018-06-25T15:24:21.231Z'
System info: host: 'AYUSH-HOB', ip: '172.17.42.72', os.name: 'Windows 10', os.arch: 'amd64', os.version: '10.0', java.version: '16.0.2'
Driver info: driver.version: unknown
	at org.openqa.selenium.support.ui.ExpectedConditions.lambda$findElement$0(ExpectedConditions.java:896)
	at java.base/java.util.Optional.orElseThrow(Optional.java:403)
	at org.openqa.selenium.support.ui.ExpectedConditions.findElement(ExpectedConditions.java:895)
	at org.openqa.selenium.support.ui.ExpectedConditions.access$000(ExpectedConditions.java:44)
	at org.openqa.selenium.support.ui.ExpectedConditions$7.apply(ExpectedConditions.java:206)
	at org.openqa.selenium.support.ui.ExpectedConditions$7.apply(ExpectedConditions.java:202)
	at org.openqa.selenium.support.ui.FluentWait.until(FluentWait.java:248)
	... 26 more
... Removed 24 stack frames]]>
    </failure>
  </testcase> <!-- Pincode_Validation_correct -->
</testsuite> <!-- PDP -->
